[Thursday, July 02, 2015 17:34:39] [info]  - Logger ... OK
[Thursday, July 02, 2015 17:34:39] [info]  - Bot ... OK
[Thursday, July 02, 2015 17:34:39] [info]  - Command Manager ... OK
[Thursday, July 02, 2015 17:34:39] [info]  - Bot listening ...
[Thursday, July 02, 2015 17:45:37] [info]  - Logger ... OK
[Thursday, July 02, 2015 17:45:37] [info]  - Bot ... OK
[Thursday, July 02, 2015 17:45:37] [info]  - Command Manager ... OK
[Thursday, July 02, 2015 17:45:37] [info]  - Bot listening ...
[Thursday, July 02, 2015 17:49:32] [info]  - Logger ... OK
[Thursday, July 02, 2015 17:49:32] [info]  - Bot ... OK
[Thursday, July 02, 2015 17:49:32] [info]  - Command Manager ... OK
[Thursday, July 02, 2015 17:49:32] [info]  - Bot listening ...
[Thursday, July 02, 2015 17:50:08] [info]  - Logger ... OK
[Thursday, July 02, 2015 17:50:08] [info]  - Bot ... OK
[Thursday, July 02, 2015 17:50:08] [info]  - Command Manager ... OK
[Thursday, July 02, 2015 17:50:08] [info]  - Bot listening ...
[Thursday, July 02, 2015 17:50:50] [info]  - Logger ... OK
[Thursday, July 02, 2015 17:50:50] [info]  - Bot ... OK
[Thursday, July 02, 2015 17:50:50] [info]  - Command Manager ... OK
[Thursday, July 02, 2015 17:50:50] [info]  - Bot listening ...
[Thursday, July 02, 2015 17:50:50] [info]  - [msg_157] @GuillermoPena > F
[Thursday, July 02, 2015 17:51:20] [info]  - Logger ... OK
[Thursday, July 02, 2015 17:51:20] [info]  - Bot ... OK
[Thursday, July 02, 2015 17:51:20] [info]  - Command Manager ... OK
[Thursday, July 02, 2015 17:51:20] [info]  - Bot listening ...
[Thursday, July 02, 2015 17:51:21] [info]  - [msg_157] @GuillermoPena > F
[Thursday, July 02, 2015 17:52:45] [info]  - Logger ... OK
[Thursday, July 02, 2015 17:52:45] [info]  - Bot ... OK
[Thursday, July 02, 2015 17:52:45] [info]  - Command Manager ... OK
[Thursday, July 02, 2015 17:52:45] [info]  - Bot listening ...
[Thursday, July 02, 2015 17:52:46] [info]  - [msg_157] @GuillermoPena > F
[Thursday, July 02, 2015 17:53:19] [info]  - Logger ... OK
[Thursday, July 02, 2015 17:53:19] [info]  - Bot ... OK
[Thursday, July 02, 2015 17:53:19] [info]  - Command Manager ... OK
[Thursday, July 02, 2015 17:53:19] [info]  - Bot listening ...
[Thursday, July 02, 2015 17:53:19] [info]  - [msg_157] @GuillermoPena > F
[Thursday, July 02, 2015 17:53:20] [info]  - [msg_160] @Obebot > Solo se permite usar comandos.
                                             [msg_160] @Obebot > Todos los comandos empiezan por /
[Thursday, July 02, 2015 17:53:26] [info]  - [msg_161] @GuillermoPena > Ff
[Thursday, July 02, 2015 17:53:26] [info]  - [msg_162] @Obebot > Solo se permite usar comandos.
                                             [msg_162] @Obebot > Todos los comandos empiezan por /
[Thursday, July 02, 2015 17:53:44] [info]  - [msg_163] @GuillermoPena > /say
[Thursday, July 02, 2015 17:53:49] [info]  - [msg_164] @GuillermoPena > Gg
[Thursday, July 02, 2015 17:53:49] [info]  - [msg_165] @Obebot > Solo se permite usar comandos.
                                             [msg_165] @Obebot > Todos los comandos empiezan por /
[Thursday, July 02, 2015 17:54:01] [info]  - [msg_166] @GuillermoPena > /cancel
[Thursday, July 02, 2015 17:55:07] [info]  - Logger ... OK
[Thursday, July 02, 2015 17:55:07] [info]  - Bot ... OK
[Thursday, July 02, 2015 17:55:07] [info]  - Command Manager ... OK
[Thursday, July 02, 2015 17:55:07] [info]  - Bot listening ...
[Thursday, July 02, 2015 17:55:08] [info]  - [msg_166] @GuillermoPena > /cancel
[Thursday, July 02, 2015 17:55:08] [info]  - [msg_167] @Obebot > Lo siento, no hay nada que cancelar
[Thursday, July 02, 2015 17:55:20] [info]  - [msg_168] @GuillermoPena > /cancel
[Thursday, July 02, 2015 17:55:20] [info]  - [msg_169] @Obebot > Lo siento, no hay nada que cancelar
[Thursday, July 02, 2015 18:09:04] [info]  - Logger ... OK
[Thursday, July 02, 2015 18:13:55] [info]  - Logger ... OK
[Thursday, July 02, 2015 18:13:55] [info]  - Bot ... OK
[Thursday, July 02, 2015 18:13:55] [info]  - Command Manager ... OK
[Thursday, July 02, 2015 18:13:55] [info]  - Bot listening ...
[Thursday, July 02, 2015 18:14:37] [info]  - Logger ... OK
[Thursday, July 02, 2015 18:14:37] [info]  - Bot ... OK
[Thursday, July 02, 2015 18:14:37] [info]  - Command Manager ... OK
[Thursday, July 02, 2015 18:14:37] [info]  - Bot listening ...
[Thursday, July 02, 2015 18:15:02] [info]  - Logger ... OK
[Thursday, July 02, 2015 18:15:02] [info]  - Bot ... OK
[Thursday, July 02, 2015 18:15:02] [info]  - Command Manager ... OK
[Thursday, July 02, 2015 18:15:02] [info]  - Bot listening ...
[Thursday, July 02, 2015 18:15:02] [info]  - [msg_170] @GuillermoPena > /say
[Thursday, July 02, 2015 18:15:06] [info]  - [msg_171] @GuillermoPena > /say
[Thursday, July 02, 2015 18:15:08] [info]  - [msg_172] @GuillermoPena > Hhh
[Thursday, July 02, 2015 18:45:13] [info]  - Logger ... OK
[Thursday, July 02, 2015 18:45:13] [info]  - Bot ... OK
[Thursday, July 02, 2015 18:45:13] [info]  - Command Manager ... OK
[Thursday, July 02, 2015 18:45:13] [info]  - Bot listening ...
[Thursday, July 02, 2015 18:45:21] [info]  - [msg_173] @GuillermoPena > Ff
[Thursday, July 02, 2015 18:45:30] [info]  - [msg_174] @GuillermoPena > Jhh
[Thursday, July 02, 2015 18:47:44] [info]  - Logger ... OK
[Thursday, July 02, 2015 18:47:44] [info]  - Bot ... OK
[Thursday, July 02, 2015 18:47:44] [info]  - Command Manager ... OK
[Thursday, July 02, 2015 18:47:44] [info]  - Bot listening ...
[Thursday, July 02, 2015 18:47:48] [info]  - [msg_175] @GuillermoPena > Fg
[Thursday, July 02, 2015 18:48:39] [info]  - Logger ... OK
[Thursday, July 02, 2015 18:48:39] [info]  - Bot ... OK
[Thursday, July 02, 2015 18:48:39] [info]  - Command Manager ... OK
[Thursday, July 02, 2015 18:48:39] [info]  - Bot listening ...
[Thursday, July 02, 2015 18:48:42] [info]  - [msg_176] @GuillermoPena > H
[Thursday, July 02, 2015 18:48:43] [info]  - [msg_177] @Obebot > Solo se permite usar comandos.
                                             [msg_177] @Obebot > Todos los comandos empiezan por /
[Thursday, July 02, 2015 18:50:39] [info]  - Logger ... OK
[Thursday, July 02, 2015 18:50:39] [info]  - Bot ... OK
[Thursday, July 02, 2015 18:50:39] [info]  - Command Manager ... OK
[Thursday, July 02, 2015 18:50:39] [info]  - Bot listening ...
[Thursday, July 02, 2015 18:50:42] [info]  - [msg_178] @GuillermoPena > T
[Thursday, July 02, 2015 18:50:43] [info]  - [msg_179] @Obebot > Solo se permite usar comandos.
                                             [msg_179] @Obebot > Todos los comandos empiezan por /
[Thursday, July 02, 2015 18:50:47] [info]  - [msg_180] @GuillermoPena > /say
[Thursday, July 02, 2015 18:50:57] [info]  - [msg_181] @GuillermoPena > /cancel
[Thursday, July 02, 2015 18:50:58] [info]  - [msg_182] @Obebot > Lo siento, no hay nada que cancelar
